<?xml version="1.0" encoding="UTF-8"?>
<testng-results ignored="0" total="1" passed="1" failed="0" skipped="0">
  <reporter-output>
  </reporter-output>
  <suite started-at="2022-09-16T17:56:41 IST" name="Default suite" finished-at="2022-09-16T17:56:41 IST" duration-ms="34">
    <groups>
    </groups>
    <test started-at="2022-09-16T17:56:41 IST" name="Default test" finished-at="2022-09-16T17:56:41 IST" duration-ms="34">
      <class name="vtiger.Practice.demo">
        <test-method signature="CreateCustomerTest()[pri:0, instance:vtiger.Practice.demo@47d90b9e]" started-at="2022-09-16T17:56:41 IST" name="CreateCustomerTest" finished-at="2022-09-16T17:56:41 IST" duration-ms="5" status="PASS">
          <reporter-output>
          </reporter-output>
        </test-method> <!-- CreateCustomerTest -->
      </class> <!-- vtiger.Practice.demo -->
    </test> <!-- Default test -->
  </suite> <!-- Default suite -->
</testng-results>
